<?xml version="1.0" encoding="UTF-8"?>
<!-- Generated by org.testng.reporters.JUnitReportReporter -->
<testsuite ignored="0" hostname="DESKTOP-TFMMG3J" failures="0" tests="1" name="com.MyFramework.testcases.LoginTest" time="13.543" errors="0" timestamp="03 Nov 2021 03:36:49 GMT" skipped="0">
  <testcase classname="com.MyFramework.testcases.LoginTest" name="startWebApplication" time="13.543"/>
</testsuite> <!-- com.MyFramework.testcases.LoginTest -->
