<?xml version="1.0" encoding="UTF-8"?>
<!-- Generated by org.testng.reporters.JUnitReportReporter -->
<testsuite ignored="0" hostname="DESKTOP-TFMMG3J" failures="0" tests="1" name="com.MyFramework.testcases.LoginTest" time="11.377" errors="0" timestamp="13 Nov 2021 18:18:36 GMT" skipped="0">
  <testcase classname="com.MyFramework.testcases.LoginTest" name="startWebApplication" time="11.377"/>
</testsuite> <!-- com.MyFramework.testcases.LoginTest -->
